{
  message: 'MongoDB Connected: localhost',
  level: 'info',
  timestamp: '2025-11-10T20:37:09.855Z'
}
{
  message: 'MongoDB Connected: localhost',
  level: 'info',
  timestamp: '2025-11-18T18:29:47.263Z'
}
{
  message: 'MongoDB Connected: localhost',
  level: 'info',
  timestamp: '2025-11-18T18:34:13.104Z'
}
{
  message: 'MongoDB disconnected. Attempting to reconnect...',
  level: 'warn',
  timestamp: '2025-11-18T18:36:20.659Z'
}
{
  message: 'MongoDB Connected: localhost',
  level: 'info',
  timestamp: '2025-11-18T18:36:52.397Z'
}
{
  message: 'MongoDB Connected: localhost',
  level: 'info',
  timestamp: '2025-11-18T18:42:30.464Z'
}
{
  message: 'MongoDB Connected: localhost',
  level: 'info',
  timestamp: '2025-11-18T18:58:25.050Z'
}
{
  message: 'MongoDB Connected: localhost',
  level: 'info',
  timestamp: '2025-11-18T19:13:38.900Z'
}
{
  message: 'MongoDB Connected: localhost',
  level: 'info',
  timestamp: '2025-11-18T19:15:26.785Z'
}
{
  message: 'MongoDB Connected: localhost',
  level: 'info',
  timestamp: '2025-11-18T19:16:24.582Z'
}
{
  message: 'MongoDB Connected: localhost',
  level: 'info',
  timestamp: '2025-11-18T19:31:10.201Z'
}
{
  message: 'MongoDB Connected: localhost',
  level: 'info',
  timestamp: '2025-11-18T19:31:47.333Z'
}
{
  message: 'MongoDB Connected: localhost',
  level: 'info',
  timestamp: '2025-11-18T19:32:15.670Z'
}
{
  message: 'MongoDB Connected: localhost',
  level: 'info',
  timestamp: '2025-11-18T19:33:00.265Z'
}
{
  message: 'MongoDB Connected: localhost',
  level: 'info',
  timestamp: '2025-11-18T19:37:13.343Z'
}
{
  message: 'MongoDB Connected: localhost',
  level: 'info',
  timestamp: '2025-11-18T19:37:36.706Z'
}
